This file contains any messages produced by compilers while
running configure, to aid debugging if configure makes a mistake.

It was created by cpp_concept configure 0.1, which was
generated by GNU Autoconf 2.68.  Invocation command line was

  $ ./configure CPPFLAGS=-I/home/chatsiri/workspacecpp/boost-truck/include

## --------- ##
## Platform. ##
## --------- ##

hostname = chatsiri-ThinkPad-T420s
uname -m = x86_64
uname -r = 3.2.0-30-generic
uname -s = Linux
uname -v = #48-Ubuntu SMP Fri Aug 24 16:52:48 UTC 2012

/usr/bin/uname -p = unknown
/bin/uname -X     = unknown

/bin/arch              = unknown
/usr/bin/arch -k       = unknown
/usr/convex/getsysinfo = unknown
/usr/bin/hostinfo      = unknown
/bin/machine           = unknown
/usr/bin/oslevel       = unknown
/bin/universe          = unknown

PATH: /home/chatsiri/Dropbox/scala/source/Oreilly.-.Programming.Scala.Edition.October.2009.Retail.Ebook-ATTiCA/programming-scala-1st-edition-code-examples/code-examples/bin
PATH: /home/chatsiri/Downloads/autossh-1.4c/build/bin
PATH: /home/chatsiri/Downloads/cuda/bin
PATH: /home/chatsiri/workspacecpp/glew-1.7.0/bin
PATH: /home/chatsiri/workspacecpp/llvm/Release+Debug+Asserts/bin
PATH: /usr/lib/lightdm/lightdm
PATH: /usr/local/sbin
PATH: /usr/local/bin
PATH: /usr/sbin
PATH: /usr/bin
PATH: /sbin
PATH: /bin
PATH: /usr/games
PATH: /home/chatsiri/Downloads/scala/scala-2.9.2-sources/dists/scala-2.9.2-unknown-unknown/bin
PATH: /home/chatsiri/Downloads/maven/apache-maven-3.0.4/bin
PATH: /home/chatsiri/Downloads/scala/jdk1.6.0_32/bin
PATH: /home/chatsiri/Downloads/ant/apache-ant-1.8.4/bin
PATH: /home/chatsiri/Downloads/rsync-3.0.9/build/bin
PATH: /home/chatsiri/Downloads/astyle/build/gcc/bin
PATH: /home/chatsiri/Downloads/glib/glib-2.32.0/build/bin
PATH: /home/chatsiri/Downloads/intltool-0.50.2/build/bin
PATH: /home/chatsiri/.cabal/bin
PATH: /home/chatsiri/workspacehaskell/haskell-platform-2012.2.0.0/build/bin
PATH: /home/chatsiri/Downloads/openmpi/openmpi-1.6/build/bin
PATH: /home/chatsiri/workspacecpp/openssl-1.0.2s/build/include
PATH: /home/chatsiri/Downloads/play20
PATH: /home/chatsiri/Downloads/g8
PATH: /home/chatsiri/.gem/ruby/1.8/gems/bin
PATH: /home/chatsiri/workspacecpp/valgrind-3.7.0/build/bin


## ----------- ##
## Core tests. ##
## ----------- ##

configure:2365: checking for a BSD-compatible install
configure:2433: result: /usr/bin/install -c
configure:2444: checking whether build environment is sane
configure:2494: result: yes
configure:2635: checking for a thread-safe mkdir -p
configure:2674: result: /bin/mkdir -p
configure:2687: checking for gawk
configure:2717: result: no
configure:2687: checking for mawk
configure:2703: found /usr/bin/mawk
configure:2714: result: mawk
configure:2725: checking whether make sets $(MAKE)
configure:2747: result: yes
configure:2888: checking for g++
configure:2904: found /usr/bin/g++
configure:2915: result: g++
configure:2942: checking for C++ compiler version
configure:2951: g++ --version >&5
g++ (Ubuntu/Linaro 4.6.3-1ubuntu5) 4.6.3
Copyright (C) 2011 Free Software Foundation, Inc.
This is free software; see the source for copying conditions.  There is NO
warranty; not even for MERCHANTABILITY or FITNESS FOR A PARTICULAR PURPOSE.

configure:2962: $? = 0
configure:2951: g++ -v >&5
Using built-in specs.
COLLECT_GCC=g++
COLLECT_LTO_WRAPPER=/usr/lib/gcc/x86_64-linux-gnu/4.6/lto-wrapper
Target: x86_64-linux-gnu
Configured with: ../src/configure -v --with-pkgversion='Ubuntu/Linaro 4.6.3-1ubuntu5' --with-bugurl=file:///usr/share/doc/gcc-4.6/README.Bugs --enable-languages=c,c++,fortran,objc,obj-c++ --prefix=/usr --program-suffix=-4.6 --enable-shared --enable-linker-build-id --with-system-zlib --libexecdir=/usr/lib --without-included-gettext --enable-threads=posix --with-gxx-include-dir=/usr/include/c++/4.6 --libdir=/usr/lib --enable-nls --with-sysroot=/ --enable-clocale=gnu --enable-libstdcxx-debug --enable-libstdcxx-time=yes --enable-gnu-unique-object --enable-plugin --enable-objc-gc --disable-werror --with-arch-32=i686 --with-tune=generic --enable-checking=release --build=x86_64-linux-gnu --host=x86_64-linux-gnu --target=x86_64-linux-gnu
Thread model: posix
gcc version 4.6.3 (Ubuntu/Linaro 4.6.3-1ubuntu5) 
configure:2962: $? = 0
configure:2951: g++ -V >&5
g++: error: unrecognized option '-V'
g++: fatal error: no input files
compilation terminated.
configure:2962: $? = 4
configure:2951: g++ -qversion >&5
g++: error: unrecognized option '-qversion'
g++: fatal error: no input files
compilation terminated.
configure:2962: $? = 4
configure:2982: checking whether the C++ compiler works
configure:3004: g++  -I/home/chatsiri/workspacecpp/boost-truck/include -L/home/chatsiri/Downloads/openmpi/openmpi-1.6/build/lib conftest.cpp  >&5
configure:3008: $? = 0
configure:3056: result: yes
configure:3059: checking for C++ compiler default output file name
configure:3061: result: a.out
configure:3067: checking for suffix of executables
configure:3074: g++ -o conftest  -I/home/chatsiri/workspacecpp/boost-truck/include -L/home/chatsiri/Downloads/openmpi/openmpi-1.6/build/lib conftest.cpp  >&5
configure:3078: $? = 0
configure:3100: result: 
configure:3122: checking whether we are cross compiling
configure:3130: g++ -o conftest  -I/home/chatsiri/workspacecpp/boost-truck/include -L/home/chatsiri/Downloads/openmpi/openmpi-1.6/build/lib conftest.cpp  >&5
configure:3134: $? = 0
configure:3141: ./conftest
configure:3145: $? = 0
configure:3160: result: no
configure:3165: checking for suffix of object files
configure:3187: g++ -c  -I/home/chatsiri/workspacecpp/boost-truck/include conftest.cpp >&5
configure:3191: $? = 0
configure:3212: result: o
configure:3216: checking whether we are using the GNU C++ compiler
configure:3235: g++ -c  -I/home/chatsiri/workspacecpp/boost-truck/include conftest.cpp >&5
configure:3235: $? = 0
configure:3244: result: yes
configure:3253: checking whether g++ accepts -g
configure:3273: g++ -c -g -I/home/chatsiri/workspacecpp/boost-truck/include conftest.cpp >&5
configure:3273: $? = 0
configure:3314: result: yes
configure:3348: checking for style of include used by make
configure:3376: result: GNU
configure:3402: checking dependency style of g++
configure:3513: result: gcc3
configure:3560: checking build system type
configure:3574: result: x86_64-unknown-linux-gnu
configure:3594: checking host system type
configure:3607: result: x86_64-unknown-linux-gnu
configure:3648: checking how to print strings
configure:3675: result: printf
configure:3744: checking for gcc
configure:3760: found /usr/bin/gcc
configure:3771: result: gcc
configure:4000: checking for C compiler version
configure:4009: gcc --version >&5
gcc (Ubuntu/Linaro 4.6.3-1ubuntu5) 4.6.3
Copyright (C) 2011 Free Software Foundation, Inc.
This is free software; see the source for copying conditions.  There is NO
warranty; not even for MERCHANTABILITY or FITNESS FOR A PARTICULAR PURPOSE.

configure:4020: $? = 0
configure:4009: gcc -v >&5
Using built-in specs.
COLLECT_GCC=gcc
COLLECT_LTO_WRAPPER=/usr/lib/gcc/x86_64-linux-gnu/4.6/lto-wrapper
Target: x86_64-linux-gnu
Configured with: ../src/configure -v --with-pkgversion='Ubuntu/Linaro 4.6.3-1ubuntu5' --with-bugurl=file:///usr/share/doc/gcc-4.6/README.Bugs --enable-languages=c,c++,fortran,objc,obj-c++ --prefix=/usr --program-suffix=-4.6 --enable-shared --enable-linker-build-id --with-system-zlib --libexecdir=/usr/lib --without-included-gettext --enable-threads=posix --with-gxx-include-dir=/usr/include/c++/4.6 --libdir=/usr/lib --enable-nls --with-sysroot=/ --enable-clocale=gnu --enable-libstdcxx-debug --enable-libstdcxx-time=yes --enable-gnu-unique-object --enable-plugin --enable-objc-gc --disable-werror --with-arch-32=i686 --with-tune=generic --enable-checking=release --build=x86_64-linux-gnu --host=x86_64-linux-gnu --target=x86_64-linux-gnu
Thread model: posix
gcc version 4.6.3 (Ubuntu/Linaro 4.6.3-1ubuntu5) 
configure:4020: $? = 0
configure:4009: gcc -V >&5
gcc: error: unrecognized option '-V'
gcc: fatal error: no input files
compilation terminated.
configure:4020: $? = 4
configure:4009: gcc -qversion >&5
gcc: error: unrecognized option '-qversion'
gcc: fatal error: no input files
compilation terminated.
configure:4020: $? = 4
configure:4024: checking whether we are using the GNU C compiler
configure:4043: gcc -c -I/home/chatsiri/Downloads/openmpi/openmpi-1.6/build/include -I/home/chatsiri/workspacecpp/boost-truck/include conftest.c >&5
configure:4043: $? = 0
configure:4052: result: yes
configure:4061: checking whether gcc accepts -g
configure:4081: gcc -c -g -I/home/chatsiri/workspacecpp/boost-truck/include conftest.c >&5
configure:4081: $? = 0
configure:4122: result: yes
configure:4139: checking for gcc option to accept ISO C89
configure:4203: gcc  -c -I/home/chatsiri/Downloads/openmpi/openmpi-1.6/build/include -I/home/chatsiri/workspacecpp/boost-truck/include conftest.c >&5
configure:4203: $? = 0
configure:4216: result: none needed
configure:4238: checking dependency style of gcc
configure:4349: result: gcc3
configure:4364: checking for a sed that does not truncate output
configure:4428: result: /bin/sed
configure:4446: checking for grep that handles long lines and -e
configure:4504: result: /bin/grep
configure:4509: checking for egrep
configure:4571: result: /bin/grep -E
configure:4576: checking for fgrep
configure:4638: result: /bin/grep -F
configure:4673: checking for ld used by gcc
configure:4740: result: /usr/bin/ld
configure:4747: checking if the linker (/usr/bin/ld) is GNU ld
configure:4762: result: yes
configure:4774: checking for BSD- or MS-compatible name lister (nm)
configure:4823: result: /usr/bin/nm -B
configure:4953: checking the name lister (/usr/bin/nm -B) interface
configure:4960: gcc -c -I/home/chatsiri/Downloads/openmpi/openmpi-1.6/build/include -I/home/chatsiri/workspacecpp/boost-truck/include conftest.c >&5
configure:4963: /usr/bin/nm -B "conftest.o"
configure:4966: output
0000000000000000 B some_variable
configure:4973: result: BSD nm
configure:4976: checking whether ln -s works
configure:4980: result: yes
configure:4988: checking the maximum length of command line arguments
configure:5118: result: 1572864
configure:5135: checking whether the shell understands some XSI constructs
configure:5145: result: yes
configure:5149: checking whether the shell understands "+="
configure:5155: result: yes
configure:5190: checking how to convert x86_64-unknown-linux-gnu file names to x86_64-unknown-linux-gnu format
configure:5230: result: func_convert_file_noop
configure:5237: checking how to convert x86_64-unknown-linux-gnu file names to toolchain format
configure:5257: result: func_convert_file_noop
configure:5264: checking for /usr/bin/ld option to reload object files
configure:5271: result: -r
configure:5345: checking for objdump
configure:5361: found /usr/bin/objdump
configure:5372: result: objdump
configure:5404: checking how to recognize dependent libraries
configure:5606: result: pass_all
configure:5691: checking for dlltool
configure:5721: result: no
configure:5751: checking how to associate runtime and link libraries
configure:5778: result: printf %s\n
configure:5839: checking for ar
configure:5855: found /usr/bin/ar
configure:5866: result: ar
configure:5903: checking for archiver @FILE support
configure:5920: gcc -c -I/home/chatsiri/Downloads/openmpi/openmpi-1.6/build/include -I/home/chatsiri/workspacecpp/boost-truck/include conftest.c >&5
configure:5920: $? = 0
configure:5923: ar cru libconftest.a @conftest.lst >&5
configure:5926: $? = 0
configure:5931: ar cru libconftest.a @conftest.lst >&5
ar: conftest.o: No such file or directory
configure:5934: $? = 1
configure:5946: result: @
configure:6004: checking for strip
configure:6020: found /usr/bin/strip
configure:6031: result: strip
configure:6103: checking for ranlib
configure:6119: found /usr/bin/ranlib
configure:6130: result: ranlib
configure:6232: checking command to parse /usr/bin/nm -B output from gcc object
configure:6352: gcc -c -I/home/chatsiri/Downloads/openmpi/openmpi-1.6/build/include -I/home/chatsiri/workspacecpp/boost-truck/include conftest.c >&5
configure:6355: $? = 0
configure:6359: /usr/bin/nm -B conftest.o \| sed -n -e 's/^.*[ ]\([ABCDGIRSTW][ABCDGIRSTW]*\)[ ][ ]*\([_A-Za-z][_A-Za-z0-9]*\)$/\1 \2 \2/p' | sed '/ __gnu_lto/d' \> conftest.nm
configure:6362: $? = 0
configure:6428: gcc -o conftest -I/home/chatsiri/Downloads/openmpi/openmpi-1.6/build/include -I/home/chatsiri/workspacecpp/boost-truck/include -L/home/chatsiri/Downloads/openmpi/openmpi-1.6/build/lib conftest.c conftstm.o >&5
configure:6431: $? = 0
configure:6469: result: ok
configure:6506: checking for sysroot
configure:6536: result: no
configure:6613: gcc -c -I/home/chatsiri/Downloads/openmpi/openmpi-1.6/build/include -I/home/chatsiri/workspacecpp/boost-truck/include conftest.c >&5
configure:6616: $? = 0
configure:6792: checking for mt
configure:6808: found /bin/mt
configure:6819: result: mt
configure:6842: checking if mt is a manifest tool
configure:6848: mt '-?'
configure:6856: result: no
configure:7498: checking how to run the C preprocessor
configure:7529: gcc -E -I/home/chatsiri/workspacecpp/boost-truck/include conftest.c
configure:7529: $? = 0
configure:7543: gcc -E -I/home/chatsiri/workspacecpp/boost-truck/include conftest.c
conftest.c:11:28: fatal error: ac_nonexistent.h: No such file or directory
compilation terminated.
configure:7543: $? = 1
configure: failed program was:
| /* confdefs.h */
| #define PACKAGE_NAME "cpp_concept"
| #define PACKAGE_TARNAME "cpp_concept"
| #define PACKAGE_VERSION "0.1"
| #define PACKAGE_STRING "cpp_concept 0.1"
| #define PACKAGE_BUGREPORT "technique@hnmav.org"
| #define PACKAGE_URL ""
| #define PACKAGE "cpp_concept"
| #define VERSION "0.1"
| /* end confdefs.h.  */
| #include <ac_nonexistent.h>
configure:7568: result: gcc -E
configure:7588: gcc -E -I/home/chatsiri/workspacecpp/boost-truck/include conftest.c
configure:7588: $? = 0
configure:7602: gcc -E -I/home/chatsiri/workspacecpp/boost-truck/include conftest.c
conftest.c:11:28: fatal error: ac_nonexistent.h: No such file or directory
compilation terminated.
configure:7602: $? = 1
configure: failed program was:
| /* confdefs.h */
| #define PACKAGE_NAME "cpp_concept"
| #define PACKAGE_TARNAME "cpp_concept"
| #define PACKAGE_VERSION "0.1"
| #define PACKAGE_STRING "cpp_concept 0.1"
| #define PACKAGE_BUGREPORT "technique@hnmav.org"
| #define PACKAGE_URL ""
| #define PACKAGE "cpp_concept"
| #define VERSION "0.1"
| /* end confdefs.h.  */
| #include <ac_nonexistent.h>
configure:7631: checking for ANSI C header files
configure:7651: gcc -c -I/home/chatsiri/Downloads/openmpi/openmpi-1.6/build/include -I/home/chatsiri/workspacecpp/boost-truck/include conftest.c >&5
configure:7651: $? = 0
configure:7724: gcc -o conftest -I/home/chatsiri/Downloads/openmpi/openmpi-1.6/build/include -I/home/chatsiri/workspacecpp/boost-truck/include -L/home/chatsiri/Downloads/openmpi/openmpi-1.6/build/lib conftest.c  >&5
configure:7724: $? = 0
configure:7724: ./conftest
configure:7724: $? = 0
configure:7735: result: yes
configure:7748: checking for sys/types.h
configure:7748: gcc -c -I/home/chatsiri/Downloads/openmpi/openmpi-1.6/build/include -I/home/chatsiri/workspacecpp/boost-truck/include conftest.c >&5
configure:7748: $? = 0
configure:7748: result: yes
configure:7748: checking for sys/stat.h
configure:7748: gcc -c -I/home/chatsiri/Downloads/openmpi/openmpi-1.6/build/include -I/home/chatsiri/workspacecpp/boost-truck/include conftest.c >&5
configure:7748: $? = 0
configure:7748: result: yes
configure:7748: checking for stdlib.h
configure:7748: gcc -c -I/home/chatsiri/Downloads/openmpi/openmpi-1.6/build/include -I/home/chatsiri/workspacecpp/boost-truck/include conftest.c >&5
configure:7748: $? = 0
configure:7748: result: yes
configure:7748: checking for string.h
configure:7748: gcc -c -I/home/chatsiri/Downloads/openmpi/openmpi-1.6/build/include -I/home/chatsiri/workspacecpp/boost-truck/include conftest.c >&5
configure:7748: $? = 0
configure:7748: result: yes
configure:7748: checking for memory.h
configure:7748: gcc -c -I/home/chatsiri/Downloads/openmpi/openmpi-1.6/build/include -I/home/chatsiri/workspacecpp/boost-truck/include conftest.c >&5
configure:7748: $? = 0
configure:7748: result: yes
configure:7748: checking for strings.h
configure:7748: gcc -c -I/home/chatsiri/Downloads/openmpi/openmpi-1.6/build/include -I/home/chatsiri/workspacecpp/boost-truck/include conftest.c >&5
configure:7748: $? = 0
configure:7748: result: yes
configure:7748: checking for inttypes.h
configure:7748: gcc -c -I/home/chatsiri/Downloads/openmpi/openmpi-1.6/build/include -I/home/chatsiri/workspacecpp/boost-truck/include conftest.c >&5
configure:7748: $? = 0
configure:7748: result: yes
configure:7748: checking for stdint.h
configure:7748: gcc -c -I/home/chatsiri/Downloads/openmpi/openmpi-1.6/build/include -I/home/chatsiri/workspacecpp/boost-truck/include conftest.c >&5
configure:7748: $? = 0
configure:7748: result: yes
configure:7748: checking for unistd.h
configure:7748: gcc -c -I/home/chatsiri/Downloads/openmpi/openmpi-1.6/build/include -I/home/chatsiri/workspacecpp/boost-truck/include conftest.c >&5
configure:7748: $? = 0
configure:7748: result: yes
configure:7762: checking for dlfcn.h
configure:7762: gcc -c -I/home/chatsiri/Downloads/openmpi/openmpi-1.6/build/include -I/home/chatsiri/workspacecpp/boost-truck/include conftest.c >&5
configure:7762: $? = 0
configure:7762: result: yes
configure:7979: checking for objdir
configure:7994: result: .libs
configure:8261: checking if gcc supports -fno-rtti -fno-exceptions
configure:8279: gcc -c -I/home/chatsiri/Downloads/openmpi/openmpi-1.6/build/include -I/home/chatsiri/workspacecpp/boost-truck/include -fno-rtti -fno-exceptions conftest.c >&5
cc1: warning: command line option '-fno-rtti' is valid for C++/ObjC++ but not for C [enabled by default]
configure:8283: $? = 0
configure:8296: result: no
configure:8623: checking for gcc option to produce PIC
configure:8630: result: -fPIC -DPIC
configure:8638: checking if gcc PIC flag -fPIC -DPIC works
configure:8656: gcc -c -I/home/chatsiri/Downloads/openmpi/openmpi-1.6/build/include -I/home/chatsiri/workspacecpp/boost-truck/include -fPIC -DPIC -DPIC conftest.c >&5
configure:8660: $? = 0
configure:8673: result: yes
configure:8702: checking if gcc static flag -static works
configure:8730: result: yes
configure:8745: checking if gcc supports -c -o file.o
configure:8766: gcc -c -I/home/chatsiri/Downloads/openmpi/openmpi-1.6/build/include -I/home/chatsiri/workspacecpp/boost-truck/include -o out/conftest2.o conftest.c >&5
configure:8770: $? = 0
configure:8792: result: yes
configure:8800: checking if gcc supports -c -o file.o
configure:8847: result: yes
configure:8880: checking whether the gcc linker (/usr/bin/ld -m elf_x86_64) supports shared libraries
configure:10037: result: yes
configure:10074: checking whether -lc should be explicitly linked in
configure:10082: gcc -c -I/home/chatsiri/Downloads/openmpi/openmpi-1.6/build/include -I/home/chatsiri/workspacecpp/boost-truck/include conftest.c >&5
configure:10085: $? = 0
configure:10100: gcc -shared  -fPIC -DPIC conftest.o  -v -Wl,-soname -Wl,conftest -o conftest 2\>\&1 \| /bin/grep  -lc  \>/dev/null 2\>\&1
configure:10103: $? = 0
configure:10117: result: no
configure:10277: checking dynamic linker characteristics
configure:10788: gcc -o conftest -I/home/chatsiri/Downloads/openmpi/openmpi-1.6/build/include -I/home/chatsiri/workspacecpp/boost-truck/include -L/home/chatsiri/Downloads/openmpi/openmpi-1.6/build/lib -Wl,-rpath -Wl,/foo conftest.c  >&5
configure:10788: $? = 0
configure:11022: result: GNU/Linux ld.so
configure:11129: checking how to hardcode library paths into programs
configure:11154: result: immediate
configure:11694: checking whether stripping libraries is possible
configure:11699: result: yes
configure:11734: checking if libtool supports shared libraries
configure:11736: result: yes
configure:11739: checking whether to build shared libraries
configure:11760: result: yes
configure:11763: checking whether to build static libraries
configure:11767: result: yes
configure:11790: checking how to run the C++ preprocessor
configure:11817: g++ -E -I/home/chatsiri/workspacecpp/boost-truck/include conftest.cpp
configure:11817: $? = 0
configure:11831: g++ -E -I/home/chatsiri/workspacecpp/boost-truck/include conftest.cpp
conftest.cpp:23:28: fatal error: ac_nonexistent.h: No such file or directory
compilation terminated.
configure:11831: $? = 1
configure: failed program was:
| /* confdefs.h */
| #define PACKAGE_NAME "cpp_concept"
| #define PACKAGE_TARNAME "cpp_concept"
| #define PACKAGE_VERSION "0.1"
| #define PACKAGE_STRING "cpp_concept 0.1"
| #define PACKAGE_BUGREPORT "technique@hnmav.org"
| #define PACKAGE_URL ""
| #define PACKAGE "cpp_concept"
| #define VERSION "0.1"
| #define STDC_HEADERS 1
| #define HAVE_SYS_TYPES_H 1
| #define HAVE_SYS_STAT_H 1
| #define HAVE_STDLIB_H 1
| #define HAVE_STRING_H 1
| #define HAVE_MEMORY_H 1
| #define HAVE_STRINGS_H 1
| #define HAVE_INTTYPES_H 1
| #define HAVE_STDINT_H 1
| #define HAVE_UNISTD_H 1
| #define HAVE_DLFCN_H 1
| #define LT_OBJDIR ".libs/"
| /* end confdefs.h.  */
| #include <ac_nonexistent.h>
configure:11856: result: g++ -E
configure:11876: g++ -E -I/home/chatsiri/workspacecpp/boost-truck/include conftest.cpp
configure:11876: $? = 0
configure:11890: g++ -E -I/home/chatsiri/workspacecpp/boost-truck/include conftest.cpp
conftest.cpp:23:28: fatal error: ac_nonexistent.h: No such file or directory
compilation terminated.
configure:11890: $? = 1
configure: failed program was:
| /* confdefs.h */
| #define PACKAGE_NAME "cpp_concept"
| #define PACKAGE_TARNAME "cpp_concept"
| #define PACKAGE_VERSION "0.1"
| #define PACKAGE_STRING "cpp_concept 0.1"
| #define PACKAGE_BUGREPORT "technique@hnmav.org"
| #define PACKAGE_URL ""
| #define PACKAGE "cpp_concept"
| #define VERSION "0.1"
| #define STDC_HEADERS 1
| #define HAVE_SYS_TYPES_H 1
| #define HAVE_SYS_STAT_H 1
| #define HAVE_STDLIB_H 1
| #define HAVE_STRING_H 1
| #define HAVE_MEMORY_H 1
| #define HAVE_STRINGS_H 1
| #define HAVE_INTTYPES_H 1
| #define HAVE_STDINT_H 1
| #define HAVE_UNISTD_H 1
| #define HAVE_DLFCN_H 1
| #define LT_OBJDIR ".libs/"
| /* end confdefs.h.  */
| #include <ac_nonexistent.h>
configure:12059: checking for ld used by g++
configure:12126: result: /usr/bin/ld -m elf_x86_64
configure:12133: checking if the linker (/usr/bin/ld -m elf_x86_64) is GNU ld
configure:12148: result: yes
configure:12203: checking whether the g++ linker (/usr/bin/ld -m elf_x86_64) supports shared libraries
configure:13208: result: yes
configure:13244: g++ -c -g -O2 -I/home/chatsiri/workspacecpp/boost-truck/include conftest.cpp >&5
configure:13247: $? = 0
configure:13767: checking for g++ option to produce PIC
configure:13774: result: -fPIC -DPIC
configure:13782: checking if g++ PIC flag -fPIC -DPIC works
configure:13800: g++ -c -g -O2 -I/home/chatsiri/workspacecpp/boost-truck/include -fPIC -DPIC -DPIC conftest.cpp >&5
configure:13804: $? = 0
configure:13817: result: yes
configure:13840: checking if g++ static flag -static works
configure:13868: result: yes
configure:13880: checking if g++ supports -c -o file.o
configure:13901: g++ -c -g -O2 -I/home/chatsiri/workspacecpp/boost-truck/include -o out/conftest2.o conftest.cpp >&5
configure:13905: $? = 0
configure:13927: result: yes
configure:13932: checking if g++ supports -c -o file.o
configure:13979: result: yes
configure:14009: checking whether the g++ linker (/usr/bin/ld -m elf_x86_64) supports shared libraries
configure:14048: result: yes
configure:14189: checking dynamic linker characteristics
configure:14868: result: GNU/Linux ld.so
configure:14921: checking how to hardcode library paths into programs
configure:14946: result: immediate
configure:15014: checking for ANSI C header files
configure:15118: result: yes
configure:15128: checking for stdlib.h
configure:15128: result: yes
configure:15142: checking for stdlib.h
configure:15142: result: yes
configure:15152: checking for GNU libc compatible malloc
configure:15176: gcc -o conftest -I/home/chatsiri/Downloads/openmpi/openmpi-1.6/build/include -I/home/chatsiri/workspacecpp/boost-truck/include -L/home/chatsiri/Downloads/openmpi/openmpi-1.6/build/lib conftest.c  >&5
configure:15176: $? = 0
configure:15176: ./conftest
configure:15176: $? = 0
configure:15186: result: yes
configure:15348: creating ./config.status

## ---------------------- ##
## Running config.status. ##
## ---------------------- ##

This file was extended by cpp_concept config.status 0.1, which was
generated by GNU Autoconf 2.68.  Invocation command line was

  CONFIG_FILES    = 
  CONFIG_HEADERS  = 
  CONFIG_LINKS    = 
  CONFIG_COMMANDS = 
  $ ./config.status 

on chatsiri-ThinkPad-T420s

config.status:1156: creating Makefile
config.status:1156: creating src/Makefile
config.status:1156: creating config.h
config.status:1337: config.h is unchanged
config.status:1385: executing depfiles commands
config.status:1385: executing libtool commands

## ---------------- ##
## Cache variables. ##
## ---------------- ##

ac_cv_build=x86_64-unknown-linux-gnu
ac_cv_c_compiler_gnu=yes
ac_cv_cxx_compiler_gnu=yes
ac_cv_env_CCC_set=
ac_cv_env_CCC_value=
ac_cv_env_CC_set=
ac_cv_env_CC_value=
ac_cv_env_CFLAGS_set=set
ac_cv_env_CFLAGS_value=-I/home/chatsiri/Downloads/openmpi/openmpi-1.6/build/include
ac_cv_env_CPPFLAGS_set=set
ac_cv_env_CPPFLAGS_value=-I/home/chatsiri/workspacecpp/boost-truck/include
ac_cv_env_CPP_set=
ac_cv_env_CPP_value=
ac_cv_env_CXXCPP_set=
ac_cv_env_CXXCPP_value=
ac_cv_env_CXXFLAGS_set=
ac_cv_env_CXXFLAGS_value=
ac_cv_env_CXX_set=
ac_cv_env_CXX_value=
ac_cv_env_LDFLAGS_set=set
ac_cv_env_LDFLAGS_value=-L/home/chatsiri/Downloads/openmpi/openmpi-1.6/build/lib
ac_cv_env_LIBS_set=
ac_cv_env_LIBS_value=
ac_cv_env_build_alias_set=
ac_cv_env_build_alias_value=
ac_cv_env_host_alias_set=
ac_cv_env_host_alias_value=
ac_cv_env_target_alias_set=
ac_cv_env_target_alias_value=
ac_cv_func_malloc_0_nonnull=yes
ac_cv_header_dlfcn_h=yes
ac_cv_header_inttypes_h=yes
ac_cv_header_memory_h=yes
ac_cv_header_stdc=yes
ac_cv_header_stdint_h=yes
ac_cv_header_stdlib_h=yes
ac_cv_header_string_h=yes
ac_cv_header_strings_h=yes
ac_cv_header_sys_stat_h=yes
ac_cv_header_sys_types_h=yes
ac_cv_header_unistd_h=yes
ac_cv_host=x86_64-unknown-linux-gnu
ac_cv_objext=o
ac_cv_path_EGREP='/bin/grep -E'
ac_cv_path_FGREP='/bin/grep -F'
ac_cv_path_GREP=/bin/grep
ac_cv_path_SED=/bin/sed
ac_cv_path_install='/usr/bin/install -c'
ac_cv_path_mkdir=/bin/mkdir
ac_cv_prog_AWK=mawk
ac_cv_prog_CPP='gcc -E'
ac_cv_prog_CXXCPP='g++ -E'
ac_cv_prog_ac_ct_AR=ar
ac_cv_prog_ac_ct_CC=gcc
ac_cv_prog_ac_ct_CXX=g++
ac_cv_prog_ac_ct_MANIFEST_TOOL=mt
ac_cv_prog_ac_ct_OBJDUMP=objdump
ac_cv_prog_ac_ct_RANLIB=ranlib
ac_cv_prog_ac_ct_STRIP=strip
ac_cv_prog_cc_c89=
ac_cv_prog_cc_g=yes
ac_cv_prog_cxx_g=yes
ac_cv_prog_make_make_set=yes
am_cv_CC_dependencies_compiler_type=gcc3
am_cv_CXX_dependencies_compiler_type=gcc3
lt_cv_ar_at_file=@
lt_cv_archive_cmds_need_lc=no
lt_cv_deplibs_check_method=pass_all
lt_cv_file_magic_cmd='$MAGIC_CMD'
lt_cv_file_magic_test_file=
lt_cv_ld_reload_flag=-r
lt_cv_nm_interface='BSD nm'
lt_cv_objdir=.libs
lt_cv_path_LD=/usr/bin/ld
lt_cv_path_LDCXX='/usr/bin/ld -m elf_x86_64'
lt_cv_path_NM='/usr/bin/nm -B'
lt_cv_path_mainfest_tool=no
lt_cv_prog_compiler_c_o=yes
lt_cv_prog_compiler_c_o_CXX=yes
lt_cv_prog_compiler_pic='-fPIC -DPIC'
lt_cv_prog_compiler_pic_CXX='-fPIC -DPIC'
lt_cv_prog_compiler_pic_works=yes
lt_cv_prog_compiler_pic_works_CXX=yes
lt_cv_prog_compiler_rtti_exceptions=no
lt_cv_prog_compiler_static_works=yes
lt_cv_prog_compiler_static_works_CXX=yes
lt_cv_prog_gnu_ld=yes
lt_cv_prog_gnu_ldcxx=yes
lt_cv_sharedlib_from_linklib_cmd='printf %s\n'
lt_cv_shlibpath_overrides_runpath=no
lt_cv_sys_global_symbol_pipe='sed -n -e '\''s/^.*[	 ]\([ABCDGIRSTW][ABCDGIRSTW]*\)[	 ][	 ]*\([_A-Za-z][_A-Za-z0-9]*\)$/\1 \2 \2/p'\'' | sed '\''/ __gnu_lto/d'\'''
lt_cv_sys_global_symbol_to_c_name_address='sed -n -e '\''s/^: \([^ ]*\)[ ]*$/  {\"\1\", (void *) 0},/p'\'' -e '\''s/^[ABCDGIRSTW]* \([^ ]*\) \([^ ]*\)$/  {"\2", (void *) \&\2},/p'\'''
lt_cv_sys_global_symbol_to_c_name_address_lib_prefix='sed -n -e '\''s/^: \([^ ]*\)[ ]*$/  {\"\1\", (void *) 0},/p'\'' -e '\''s/^[ABCDGIRSTW]* \([^ ]*\) \(lib[^ ]*\)$/  {"\2", (void *) \&\2},/p'\'' -e '\''s/^[ABCDGIRSTW]* \([^ ]*\) \([^ ]*\)$/  {"lib\2", (void *) \&\2},/p'\'''
lt_cv_sys_global_symbol_to_cdecl='sed -n -e '\''s/^T .* \(.*\)$/extern int \1();/p'\'' -e '\''s/^[ABCDGIRSTW]* .* \(.*\)$/extern char \1;/p'\'''
lt_cv_sys_max_cmd_len=1572864
lt_cv_to_host_file_cmd=func_convert_file_noop
lt_cv_to_tool_file_cmd=func_convert_file_noop

## ----------------- ##
## Output variables. ##
## ----------------- ##

ACLOCAL='${SHELL} /home/chatsiri/workspacecpp/techniquecpp/sizetype_boost/build-aux/missing --run aclocal-1.11'
AMDEPBACKSLASH='\'
AMDEP_FALSE='#'
AMDEP_TRUE=''
AMTAR='$${TAR-tar}'
AR='ar'
AUTOCONF='${SHELL} /home/chatsiri/workspacecpp/techniquecpp/sizetype_boost/build-aux/missing --run autoconf'
AUTOHEADER='${SHELL} /home/chatsiri/workspacecpp/techniquecpp/sizetype_boost/build-aux/missing --run autoheader'
AUTOMAKE='${SHELL} /home/chatsiri/workspacecpp/techniquecpp/sizetype_boost/build-aux/missing --run automake-1.11'
AWK='mawk'
CC='gcc'
CCDEPMODE='depmode=gcc3'
CFLAGS='-I/home/chatsiri/Downloads/openmpi/openmpi-1.6/build/include'
CPP='gcc -E'
CPPFLAGS='-I/home/chatsiri/workspacecpp/boost-truck/include'
CXX='g++'
CXXCPP='g++ -E'
CXXDEPMODE='depmode=gcc3'
CXXFLAGS='-g -O2'
CYGPATH_W='echo'
DEFS='-DHAVE_CONFIG_H'
DEPDIR='.deps'
DLLTOOL='false'
DSYMUTIL=''
DUMPBIN=''
ECHO_C=''
ECHO_N='-n'
ECHO_T=''
EGREP='/bin/grep -E'
EXEEXT=''
FGREP='/bin/grep -F'
GREP='/bin/grep'
INSTALL_DATA='${INSTALL} -m 644'
INSTALL_PROGRAM='${INSTALL}'
INSTALL_SCRIPT='${INSTALL}'
INSTALL_STRIP_PROGRAM='$(install_sh) -c -s'
LD='/usr/bin/ld -m elf_x86_64'
LDFLAGS='-L/home/chatsiri/Downloads/openmpi/openmpi-1.6/build/lib'
LIBOBJS=''
LIBS=''
LIBTOOL='$(SHELL) $(top_builddir)/libtool'
LIPO=''
LN_S='ln -s'
LTLIBOBJS=''
MAKEINFO='${SHELL} /home/chatsiri/workspacecpp/techniquecpp/sizetype_boost/build-aux/missing --run makeinfo'
MANIFEST_TOOL=':'
MKDIR_P='/bin/mkdir -p'
NM='/usr/bin/nm -B'
NMEDIT=''
OBJDUMP='objdump'
OBJEXT='o'
OTOOL64=''
OTOOL=''
PACKAGE='cpp_concept'
PACKAGE_BUGREPORT='technique@hnmav.org'
PACKAGE_NAME='cpp_concept'
PACKAGE_STRING='cpp_concept 0.1'
PACKAGE_TARNAME='cpp_concept'
PACKAGE_URL=''
PACKAGE_VERSION='0.1'
PATH_SEPARATOR=':'
RANLIB='ranlib'
SED='/bin/sed'
SET_MAKE=''
SHELL='/bin/bash'
STRIP='strip'
VERSION='0.1'
ac_ct_AR='ar'
ac_ct_CC='gcc'
ac_ct_CXX='g++'
ac_ct_DUMPBIN=''
am__EXEEXT_FALSE=''
am__EXEEXT_TRUE='#'
am__fastdepCC_FALSE='#'
am__fastdepCC_TRUE=''
am__fastdepCXX_FALSE='#'
am__fastdepCXX_TRUE=''
am__include='include'
am__isrc=''
am__leading_dot='.'
am__nodep='_no'
am__quote=''
am__tar='$${TAR-tar} chof - "$$tardir"'
am__untar='$${TAR-tar} xf -'
bindir='${exec_prefix}/bin'
build='x86_64-unknown-linux-gnu'
build_alias=''
build_cpu='x86_64'
build_os='linux-gnu'
build_vendor='unknown'
datadir='${datarootdir}'
datarootdir='${prefix}/share'
docdir='${datarootdir}/doc/${PACKAGE_TARNAME}'
dvidir='${docdir}'
exec_prefix='${prefix}'
host='x86_64-unknown-linux-gnu'
host_alias=''
host_cpu='x86_64'
host_os='linux-gnu'
host_vendor='unknown'
htmldir='${docdir}'
includedir='${prefix}/include'
infodir='${datarootdir}/info'
install_sh='${SHELL} /home/chatsiri/workspacecpp/techniquecpp/sizetype_boost/build-aux/install-sh'
libdir='${exec_prefix}/lib'
libexecdir='${exec_prefix}/libexec'
localedir='${datarootdir}/locale'
localstatedir='${prefix}/var'
mandir='${datarootdir}/man'
mkdir_p='/bin/mkdir -p'
oldincludedir='/usr/include'
pdfdir='${docdir}'
prefix='/usr/local'
program_transform_name='s,x,x,'
psdir='${docdir}'
sbindir='${exec_prefix}/sbin'
sharedstatedir='${prefix}/com'
sysconfdir='${prefix}/etc'
target_alias=''

## ----------- ##
## confdefs.h. ##
## ----------- ##

/* confdefs.h */
#define PACKAGE_NAME "cpp_concept"
#define PACKAGE_TARNAME "cpp_concept"
#define PACKAGE_VERSION "0.1"
#define PACKAGE_STRING "cpp_concept 0.1"
#define PACKAGE_BUGREPORT "technique@hnmav.org"
#define PACKAGE_URL ""
#define PACKAGE "cpp_concept"
#define VERSION "0.1"
#define STDC_HEADERS 1
#define HAVE_SYS_TYPES_H 1
#define HAVE_SYS_STAT_H 1
#define HAVE_STDLIB_H 1
#define HAVE_STRING_H 1
#define HAVE_MEMORY_H 1
#define HAVE_STRINGS_H 1
#define HAVE_INTTYPES_H 1
#define HAVE_STDINT_H 1
#define HAVE_UNISTD_H 1
#define HAVE_DLFCN_H 1
#define LT_OBJDIR ".libs/"
#define STDC_HEADERS 1
#define HAVE_STDLIB_H 1
#define HAVE_STDLIB_H 1
#define HAVE_MALLOC 1

configure: exit 0
